# JRE version: OpenJDK Runtime Environment Temurin-17.0.8.1+1 (17.0.8.1+1) (build 17.0.8.1+1)
# Java VM: OpenJDK 64-Bit Server VM Temurin-17.0.8.1+1 (17.0.8.1+1, mixed mode, emulated-client, tiered, compressed oops, compressed class ptrs, g1 gc, windows-amd64)
GC Precious Log:
 CPUs: 12 total, 12 available
 Memory: 7967M
 Large Page Support: Disabled
 NUMA Support: Disabled
 Compressed Oops: Enabled (32-bit)
 Heap Region Size: 1M
 Heap Min Capacity: 8M
 Heap Initial Capacity: 126M
 Heap Max Capacity: 1G
 Pre-touch: Disabled
 Parallel Workers: 10
 Concurrent Workers: 3
 Concurrent Refinement Workers: 10
 Periodic GC: Disabled
Heap:
 garbage-first heap   total 51200K, used 22670K [0x00000000c0000000, 0x0000000100000000)
  region size 1024K, 1 young (1024K), 0 survivors (0K)
 Metaspace       used 50497K, committed 50944K, reserved 1114112K
  class space    used 6107K, committed 6336K, reserved 1048576K
GC Heap History (20 events):
Event: 11799.878 GC heap before
{Heap before GC invocations=970 (full 929):
 garbage-first heap   total 51200K, used 22670K [0x00000000c0000000, 0x0000000100000000)
  region size 1024K, 1 young (1024K), 0 survivors (0K)
 Metaspace       used 50497K, committed 50944K, reserved 1114112K
  class space    used 6107K, committed 6336K, reserved 1048576K
}
Event: 11799.924 GC heap after
{Heap after GC invocations=971 (full 930):
 garbage-first heap   total 51200K, used 22670K [0x00000000c0000000, 0x0000000100000000)
  region size 1024K, 0 young (0K), 0 survivors (0K)
 Metaspace       used 50497K, committed 50944K, reserved 1114112K
  class space    used 6107K, committed 6336K, reserved 1048576K
}
Event: 11810.161 GC heap before
{Heap before GC invocations=971 (full 930):
 garbage-first heap   total 51200K, used 22670K [0x00000000c0000000, 0x0000000100000000)
  region size 1024K, 1 young (1024K), 0 survivors (0K)
 Metaspace       used 50497K, committed 50944K, reserved 1114112K
  class space    used 6107K, committed 6336K, reserved 1048576K
}
Event: 11810.218 GC heap after
{Heap after GC invocations=972 (full 931):
 garbage-first heap   total 51200K, used 22670K [0x00000000c0000000, 0x0000000100000000)
  region size 1024K, 0 young (0K), 0 survivors (0K)
 Metaspace       used 50497K, committed 50944K, reserved 1114112K
  class space    used 6107K, committed 6336K, reserved 1048576K
}
Event: 11820.436 GC heap before
{Heap before GC invocations=972 (full 931):
 garbage-first heap   total 51200K, used 22670K [0x00000000c0000000, 0x0000000100000000)
  region size 1024K, 1 young (1024K), 0 survivors (0K)
 Metaspace       used 50497K, committed 50944K, reserved 1114112K
  class space    used 6107K, committed 6336K, reserved 1048576K
}
Event: 11820.484 GC heap after
{Heap after GC invocations=973 (full 932):
 garbage-first heap   total 51200K, used 22670K [0x00000000c0000000, 0x0000000100000000)
  region size 1024K, 0 young (0K), 0 survivors (0K)
 Metaspace       used 50497K, committed 50944K, reserved 1114112K
  class space    used 6107K, committed 6336K, reserved 1048576K
}
Event: 11830.643 GC heap before
{Heap before GC invocations=973 (full 932):
 garbage-first heap   total 51200K, used 22670K [0x00000000c0000000, 0x0000000100000000)
  region size 1024K, 1 young (1024K), 0 survivors (0K)
 Metaspace       used 50497K, committed 50944K, reserved 1114112K
  class space    used 6107K, committed 6336K, reserved 1048576K
}
Event: 11830.686 GC heap after
{Heap after GC invocations=974 (full 933):
 garbage-first heap   total 51200K, used 22670K [0x00000000c0000000, 0x0000000100000000)
  region size 1024K, 0 young (0K), 0 survivors (0K)
 Metaspace       used 50497K, committed 50944K, reserved 1114112K
  class space    used 6107K, committed 6336K, reserved 1048576K
}
Event: 11840.852 GC heap before
{Heap before GC invocations=974 (full 933):
 garbage-first heap   total 51200K, used 22670K [0x00000000c0000000, 0x0000000100000000)
  region size 1024K, 1 young (1024K), 0 survivors (0K)
 Metaspace       used 50497K, committed 50944K, reserved 1114112K
  class space    used 6107K, committed 6336K, reserved 1048576K
}
Event: 11840.899 GC heap after
{Heap after GC invocations=975 (full 934):
 garbage-first heap   total 51200K, used 22670K [0x00000000c0000000, 0x0000000100000000)
  region size 1024K, 0 young (0K), 0 survivors (0K)
 Metaspace       used 50497K, committed 50944K, reserved 1114112K
  class space    used 6107K, committed 6336K, reserved 1048576K
}
Event: 11851.039 GC heap before
{Heap before GC invocations=975 (full 934):
 garbage-first heap   total 51200K, used 22670K [0x00000000c0000000, 0x0000000100000000)
  region size 1024K, 1 young (1024K), 0 survivors (0K)
 Metaspace       used 50497K, committed 50944K, reserved 1114112K
  class space    used 6107K, committed 6336K, reserved 1048576K
}
Event: 11851.077 GC heap after
{Heap after GC invocations=976 (full 935):
 garbage-first heap   total 51200K, used 22670K [0x00000000c0000000, 0x0000000100000000)
  region size 1024K, 0 young (0K), 0 survivors (0K)
 Metaspace       used 50497K, committed 50944K, reserved 1114112K
  class space    used 6107K, committed 6336K, reserved 1048576K
}
Event: 11861.236 GC heap before
{Heap before GC invocations=976 (full 935):
 garbage-first heap   total 51200K, used 22670K [0x00000000c0000000, 0x0000000100000000)
  region size 1024K, 1 young (1024K), 0 survivors (0K)
 Metaspace       used 50497K, committed 50944K, reserved 1114112K
  class space    used 6107K, committed 6336K, reserved 1048576K
}
Event: 11861.283 GC heap after
{Heap after GC invocations=977 (full 936):
 garbage-first heap   total 51200K, used 22670K [0x00000000c0000000, 0x0000000100000000)
  region size 1024K, 0 young (0K), 0 survivors (0K)
 Metaspace       used 50497K, committed 50944K, reserved 1114112K
  class space    used 6107K, committed 6336K, reserved 1048576K
}
Event: 11871.431 GC heap before
{Heap before GC invocations=977 (full 936):
 garbage-first heap   total 51200K, used 22670K [0x00000000c0000000, 0x0000000100000000)
  region size 1024K, 1 young (1024K), 0 survivors (0K)
 Metaspace       used 50497K, committed 50944K, reserved 1114112K
  class space    used 6107K, committed 6336K, reserved 1048576K
}
Event: 11871.476 GC heap after
{Heap after GC invocations=978 (full 937):
 garbage-first heap   total 51200K, used 22670K [0x00000000c0000000, 0x0000000100000000)
  region size 1024K, 0 young (0K), 0 survivors (0K)
 Metaspace       used 50497K, committed 50944K, reserved 1114112K
  class space    used 6107K, committed 6336K, reserved 1048576K
}
Event: 11881.615 GC heap before
{Heap before GC invocations=978 (full 937):
 garbage-first heap   total 51200K, used 22670K [0x00000000c0000000, 0x0000000100000000)
  region size 1024K, 1 young (1024K), 0 survivors (0K)
 Metaspace       used 50497K, committed 50944K, reserved 1114112K
  class space    used 6107K, committed 6336K, reserved 1048576K
}
Event: 11881.649 GC heap after
{Heap after GC invocations=979 (full 938):
 garbage-first heap   total 51200K, used 22670K [0x00000000c0000000, 0x0000000100000000)
  region size 1024K, 0 young (0K), 0 survivors (0K)
 Metaspace       used 50497K, committed 50944K, reserved 1114112K
  class space    used 6107K, committed 6336K, reserved 1048576K
}
Event: 11891.844 GC heap before
{Heap before GC invocations=979 (full 938):
 garbage-first heap   total 51200K, used 22670K [0x00000000c0000000, 0x0000000100000000)
  region size 1024K, 1 young (1024K), 0 survivors (0K)
 Metaspace       used 50497K, committed 50944K, reserved 1114112K
  class space    used 6107K, committed 6336K, reserved 1048576K
}
Event: 11891.902 GC heap after
{Heap after GC invocations=980 (full 939):
 garbage-first heap   total 51200K, used 22670K [0x00000000c0000000, 0x0000000100000000)
  region size 1024K, 0 young (0K), 0 survivors (0K)
 Metaspace       used 50497K, committed 50944K, reserved 1114112K
  class space    used 6107K, committed 6336K, reserved 1048576K
}

